# JRE version: OpenJDK Runtime Environment (17.0.6) (build 17.0.6+0-b2043.56-10027231)
# Java VM: OpenJDK 64-Bit Server VM (17.0.6+0-b2043.56-10027231, mixed mode, tiered, compressed oops, compressed class ptrs, g1 gc, windows-amd64)
GC Precious Log:
 CPUs: 8 total, 8 available
 Memory: 16194M
 Large Page Support: Disabled
 NUMA Support: Disabled
 Compressed Oops: Enabled (32-bit)
 Heap Region Size: 1M
 Heap Min Capacity: 8M
 Heap Initial Capacity: 254M
 Heap Max Capacity: 2G
 Pre-touch: Disabled
 Parallel Workers: 8
 Concurrent Workers: 2
 Concurrent Refinement Workers: 8
 Periodic GC: Disabled
Heap:
 garbage-first heap   total 263168K, used 162148K [0x0000000080000000, 0x0000000100000000)
  region size 1024K, 2 young (2048K), 2 survivors (2048K)
 Metaspace       used 114999K, committed 115840K, reserved 1155072K
  class space    used 15918K, committed 16320K, reserved 1048576K
GC Heap History (20 events):
Event: 17.451 GC heap after
{Heap after GC invocations=42 (full 0):
 garbage-first heap   total 225280K, used 85069K [0x0000000080000000, 0x0000000100000000)
  region size 1024K, 1 young (1024K), 1 survivors (1024K)
 Metaspace       used 91085K, committed 91776K, reserved 1130496K
  class space    used 12482K, committed 12800K, reserved 1048576K
}
Event: 44.274 GC heap before
{Heap before GC invocations=42 (full 0):
 garbage-first heap   total 225280K, used 176205K [0x0000000080000000, 0x0000000100000000)
  region size 1024K, 91 young (93184K), 1 survivors (1024K)
 Metaspace       used 92667K, committed 93312K, reserved 1130496K
  class space    used 12628K, committed 12928K, reserved 1048576K
}
Event: 44.284 GC heap after
{Heap after GC invocations=43 (full 0):
 garbage-first heap   total 225280K, used 92692K [0x0000000080000000, 0x0000000100000000)
  region size 1024K, 8 young (8192K), 8 survivors (8192K)
 Metaspace       used 92667K, committed 93312K, reserved 1130496K
  class space    used 12628K, committed 12928K, reserved 1048576K
}
Event: 53.951 GC heap before
{Heap before GC invocations=43 (full 0):
 garbage-first heap   total 225280K, used 114196K [0x0000000080000000, 0x0000000100000000)
  region size 1024K, 30 young (30720K), 8 survivors (8192K)
 Metaspace       used 92959K, committed 93696K, reserved 1130496K
  class space    used 12656K, committed 12992K, reserved 1048576K
}
Event: 53.956 GC heap after
{Heap after GC invocations=44 (full 0):
 garbage-first heap   total 225280K, used 89090K [0x0000000080000000, 0x0000000100000000)
  region size 1024K, 2 young (2048K), 2 survivors (2048K)
 Metaspace       used 92959K, committed 93696K, reserved 1130496K
  class space    used 12656K, committed 12992K, reserved 1048576K
}
Event: 55.813 GC heap before
{Heap before GC invocations=45 (full 0):
 garbage-first heap   total 225280K, used 208898K [0x0000000080000000, 0x0000000100000000)
  region size 1024K, 92 young (94208K), 2 survivors (2048K)
 Metaspace       used 100515K, committed 101376K, reserved 1138688K
  class space    used 14150K, committed 14592K, reserved 1048576K
}
Event: 55.822 GC heap after
{Heap after GC invocations=46 (full 0):
 garbage-first heap   total 225280K, used 128685K [0x0000000080000000, 0x0000000100000000)
  region size 1024K, 12 young (12288K), 12 survivors (12288K)
 Metaspace       used 100515K, committed 101376K, reserved 1138688K
  class space    used 14150K, committed 14592K, reserved 1048576K
}
Event: 55.844 GC heap before
{Heap before GC invocations=46 (full 0):
 garbage-first heap   total 225280K, used 128685K [0x0000000080000000, 0x0000000100000000)
  region size 1024K, 13 young (13312K), 12 survivors (12288K)
 Metaspace       used 100682K, committed 101568K, reserved 1138688K
  class space    used 14173K, committed 14592K, reserved 1048576K
}
Event: 55.853 GC heap after
{Heap after GC invocations=47 (full 0):
 garbage-first heap   total 225280K, used 129021K [0x0000000080000000, 0x0000000100000000)
  region size 1024K, 2 young (2048K), 2 survivors (2048K)
 Metaspace       used 100682K, committed 101568K, reserved 1138688K
  class space    used 14173K, committed 14592K, reserved 1048576K
}
Event: 56.156 GC heap before
{Heap before GC invocations=47 (full 0):
 garbage-first heap   total 225280K, used 143357K [0x0000000080000000, 0x0000000100000000)
  region size 1024K, 17 young (17408K), 2 survivors (2048K)
 Metaspace       used 103057K, committed 104000K, reserved 1138688K
  class space    used 14468K, committed 14912K, reserved 1048576K
}
Event: 56.158 GC heap after
{Heap after GC invocations=48 (full 0):
 garbage-first heap   total 225280K, used 128297K [0x0000000080000000, 0x0000000100000000)
  region size 1024K, 1 young (1024K), 1 survivors (1024K)
 Metaspace       used 103057K, committed 104000K, reserved 1138688K
  class space    used 14468K, committed 14912K, reserved 1048576K
}
Event: 57.111 GC heap before
{Heap before GC invocations=49 (full 0):
 garbage-first heap   total 235520K, used 199977K [0x0000000080000000, 0x0000000100000000)
  region size 1024K, 61 young (62464K), 1 survivors (1024K)
 Metaspace       used 108697K, committed 109632K, reserved 1146880K
  class space    used 15186K, committed 15616K, reserved 1048576K
}
Event: 57.120 GC heap after
{Heap after GC invocations=50 (full 0):
 garbage-first heap   total 235520K, used 148554K [0x0000000080000000, 0x0000000100000000)
  region size 1024K, 8 young (8192K), 8 survivors (8192K)
 Metaspace       used 108697K, committed 109632K, reserved 1146880K
  class space    used 15186K, committed 15616K, reserved 1048576K
}
Event: 57.144 GC heap before
{Heap before GC invocations=50 (full 0):
 garbage-first heap   total 235520K, used 151626K [0x0000000080000000, 0x0000000100000000)
  region size 1024K, 11 young (11264K), 8 survivors (8192K)
 Metaspace       used 108705K, committed 109632K, reserved 1146880K
  class space    used 15187K, committed 15616K, reserved 1048576K
}
Event: 57.154 GC heap after
{Heap after GC invocations=51 (full 0):
 garbage-first heap   total 235520K, used 146716K [0x0000000080000000, 0x0000000100000000)
  region size 1024K, 2 young (2048K), 2 survivors (2048K)
 Metaspace       used 108705K, committed 109632K, reserved 1146880K
  class space    used 15187K, committed 15616K, reserved 1048576K
}
Event: 57.647 GC heap before
{Heap before GC invocations=51 (full 0):
 garbage-first heap   total 235520K, used 194844K [0x0000000080000000, 0x0000000100000000)
  region size 1024K, 49 young (50176K), 2 survivors (2048K)
 Metaspace       used 109809K, committed 110656K, reserved 1146880K
  class space    used 15323K, committed 15744K, reserved 1048576K
}
Event: 57.661 GC heap after
{Heap after GC invocations=52 (full 0):
 garbage-first heap   total 235520K, used 151532K [0x0000000080000000, 0x0000000100000000)
  region size 1024K, 7 young (7168K), 7 survivors (7168K)
 Metaspace       used 109809K, committed 110656K, reserved 1146880K
  class space    used 15323K, committed 15744K, reserved 1048576K
}
Event: 58.442 GC heap before
{Heap before GC invocations=53 (full 0):
 garbage-first heap   total 263168K, used 195564K [0x0000000080000000, 0x0000000100000000)
  region size 1024K, 44 young (45056K), 7 survivors (7168K)
 Metaspace       used 114166K, committed 115072K, reserved 1155072K
  class space    used 15822K, committed 16256K, reserved 1048576K
}
Event: 58.458 GC heap after
{Heap after GC invocations=54 (full 0):
 garbage-first heap   total 263168K, used 162896K [0x0000000080000000, 0x0000000100000000)
  region size 1024K, 5 young (5120K), 5 survivors (5120K)
 Metaspace       used 114166K, committed 115072K, reserved 1155072K
  class space    used 15822K, committed 16256K, reserved 1048576K
}
Event: 58.654 GC heap before
{Heap before GC invocations=54 (full 0):
 garbage-first heap   total 263168K, used 169040K [0x0000000080000000, 0x0000000100000000)
  region size 1024K, 12 young (12288K), 5 survivors (5120K)
 Metaspace       used 114999K, committed 115840K, reserved 1155072K
  class space    used 15918K, committed 16320K, reserved 1048576K
}

