# JRE version: OpenJDK Runtime Environment (17.0.6) (build 17.0.6+0-b2043.56-10027231)
# Java VM: OpenJDK 64-Bit Server VM (17.0.6+0-b2043.56-10027231, mixed mode, tiered, compressed oops, compressed class ptrs, g1 gc, windows-amd64)
GC Precious Log:
 CPUs: 8 total, 8 available
 Memory: 16194M
 Large Page Support: Disabled
 NUMA Support: Disabled
 Compressed Oops: Enabled (32-bit)
 Heap Region Size: 1M
 Heap Min Capacity: 8M
 Heap Initial Capacity: 254M
 Heap Max Capacity: 2G
 Pre-touch: Disabled
 Parallel Workers: 8
 Concurrent Workers: 2
 Concurrent Refinement Workers: 8
 Periodic GC: Disabled
Heap:
 garbage-first heap   total 434176K, used 132074K [0x0000000080000000, 0x0000000100000000)
  region size 1024K, 2 young (2048K), 2 survivors (2048K)
 Metaspace       used 146330K, committed 148096K, reserved 1179648K
  class space    used 19200K, committed 20096K, reserved 1048576K
GC Heap History (20 events):
Event: 19886.028 GC heap after
{Heap after GC invocations=208 (full 0):
 garbage-first heap   total 434176K, used 114169K [0x0000000080000000, 0x0000000100000000)
  region size 1024K, 2 young (2048K), 2 survivors (2048K)
 Metaspace       used 146277K, committed 148096K, reserved 1179648K
  class space    used 19234K, committed 20096K, reserved 1048576K
}
Event: 19886.536 GC heap before
{Heap before GC invocations=208 (full 0):
 garbage-first heap   total 434176K, used 161273K [0x0000000080000000, 0x0000000100000000)
  region size 1024K, 50 young (51200K), 2 survivors (2048K)
 Metaspace       used 146436K, committed 148160K, reserved 1179648K
  class space    used 19246K, committed 20096K, reserved 1048576K
}
Event: 19886.543 GC heap after
{Heap after GC invocations=209 (full 0):
 garbage-first heap   total 434176K, used 120288K [0x0000000080000000, 0x0000000100000000)
  region size 1024K, 8 young (8192K), 8 survivors (8192K)
 Metaspace       used 146436K, committed 148160K, reserved 1179648K
  class space    used 19246K, committed 20096K, reserved 1048576K
}
Event: 21247.236 GC heap before
{Heap before GC invocations=210 (full 0):
 garbage-first heap   total 434176K, used 347616K [0x0000000080000000, 0x0000000100000000)
  region size 1024K, 205 young (209920K), 8 survivors (8192K)
 Metaspace       used 146298K, committed 148032K, reserved 1179648K
  class space    used 19200K, committed 20096K, reserved 1048576K
}
Event: 21247.247 GC heap after
{Heap after GC invocations=211 (full 0):
 garbage-first heap   total 434176K, used 126466K [0x0000000080000000, 0x0000000100000000)
  region size 1024K, 12 young (12288K), 12 survivors (12288K)
 Metaspace       used 146298K, committed 148032K, reserved 1179648K
  class space    used 19200K, committed 20096K, reserved 1048576K
}
Event: 21247.354 GC heap before
{Heap before GC invocations=211 (full 0):
 garbage-first heap   total 434176K, used 134658K [0x0000000080000000, 0x0000000100000000)
  region size 1024K, 21 young (21504K), 12 survivors (12288K)
 Metaspace       used 146298K, committed 148032K, reserved 1179648K
  class space    used 19200K, committed 20096K, reserved 1048576K
}
Event: 21247.370 GC heap after
{Heap after GC invocations=212 (full 0):
 garbage-first heap   total 434176K, used 119575K [0x0000000080000000, 0x0000000100000000)
  region size 1024K, 3 young (3072K), 3 survivors (3072K)
 Metaspace       used 146298K, committed 148032K, reserved 1179648K
  class space    used 19200K, committed 20096K, reserved 1048576K
}
Event: 21247.399 GC heap before
{Heap before GC invocations=212 (full 0):
 garbage-first heap   total 434176K, used 126743K [0x0000000080000000, 0x0000000100000000)
  region size 1024K, 11 young (11264K), 3 survivors (3072K)
 Metaspace       used 146298K, committed 148032K, reserved 1179648K
  class space    used 19200K, committed 20096K, reserved 1048576K
}
Event: 21247.403 GC heap after
{Heap after GC invocations=213 (full 0):
 garbage-first heap   total 434176K, used 118927K [0x0000000080000000, 0x0000000100000000)
  region size 1024K, 3 young (3072K), 3 survivors (3072K)
 Metaspace       used 146298K, committed 148032K, reserved 1179648K
  class space    used 19200K, committed 20096K, reserved 1048576K
}
Event: 21361.633 GC heap before
{Heap before GC invocations=214 (full 0):
 garbage-first heap   total 434176K, used 338063K [0x0000000080000000, 0x0000000100000000)
  region size 1024K, 185 young (189440K), 3 survivors (3072K)
 Metaspace       used 146316K, committed 148096K, reserved 1179648K
  class space    used 19200K, committed 20096K, reserved 1048576K
}
Event: 21361.655 GC heap after
{Heap after GC invocations=215 (full 0):
 garbage-first heap   total 434176K, used 142063K [0x0000000080000000, 0x0000000100000000)
  region size 1024K, 24 young (24576K), 24 survivors (24576K)
 Metaspace       used 146316K, committed 148096K, reserved 1179648K
  class space    used 19200K, committed 20096K, reserved 1048576K
}
Event: 21361.658 GC heap before
{Heap before GC invocations=215 (full 0):
 garbage-first heap   total 434176K, used 143087K [0x0000000080000000, 0x0000000100000000)
  region size 1024K, 25 young (25600K), 24 survivors (24576K)
 Metaspace       used 146316K, committed 148096K, reserved 1179648K
  class space    used 19200K, committed 20096K, reserved 1048576K
}
Event: 21361.692 GC heap after
{Heap after GC invocations=216 (full 0):
 garbage-first heap   total 434176K, used 131026K [0x0000000080000000, 0x0000000100000000)
  region size 1024K, 2 young (2048K), 2 survivors (2048K)
 Metaspace       used 146316K, committed 148096K, reserved 1179648K
  class space    used 19200K, committed 20096K, reserved 1048576K
}
Event: 21361.710 GC heap before
{Heap before GC invocations=216 (full 0):
 garbage-first heap   total 434176K, used 136146K [0x0000000080000000, 0x0000000100000000)
  region size 1024K, 8 young (8192K), 2 survivors (2048K)
 Metaspace       used 146316K, committed 148096K, reserved 1179648K
  class space    used 19200K, committed 20096K, reserved 1048576K
}
Event: 21361.718 GC heap after
{Heap after GC invocations=217 (full 0):
 garbage-first heap   total 434176K, used 135246K [0x0000000080000000, 0x0000000100000000)
  region size 1024K, 7 young (7168K), 7 survivors (7168K)
 Metaspace       used 146316K, committed 148096K, reserved 1179648K
  class space    used 19200K, committed 20096K, reserved 1048576K
}
Event: 21400.385 GC heap before
{Heap before GC invocations=218 (full 0):
 garbage-first heap   total 434176K, used 271438K [0x0000000080000000, 0x0000000100000000)
  region size 1024K, 114 young (116736K), 7 survivors (7168K)
 Metaspace       used 146329K, committed 148096K, reserved 1179648K
  class space    used 19200K, committed 20096K, reserved 1048576K
}
Event: 21400.396 GC heap after
{Heap after GC invocations=219 (full 0):
 garbage-first heap   total 434176K, used 139125K [0x0000000080000000, 0x0000000100000000)
  region size 1024K, 12 young (12288K), 12 survivors (12288K)
 Metaspace       used 146329K, committed 148096K, reserved 1179648K
  class space    used 19200K, committed 20096K, reserved 1048576K
}
Event: 21400.441 GC heap before
{Heap before GC invocations=219 (full 0):
 garbage-first heap   total 434176K, used 148341K [0x0000000080000000, 0x0000000100000000)
  region size 1024K, 21 young (21504K), 12 survivors (12288K)
 Metaspace       used 146330K, committed 148096K, reserved 1179648K
  class space    used 19200K, committed 20096K, reserved 1048576K
}
Event: 21400.456 GC heap after
{Heap after GC invocations=220 (full 0):
 garbage-first heap   total 434176K, used 132749K [0x0000000080000000, 0x0000000100000000)
  region size 1024K, 2 young (2048K), 2 survivors (2048K)
 Metaspace       used 146330K, committed 148096K, reserved 1179648K
  class space    used 19200K, committed 20096K, reserved 1048576K
}
Event: 21400.464 GC heap before
{Heap before GC invocations=220 (full 0):
 garbage-first heap   total 434176K, used 133773K [0x0000000080000000, 0x0000000100000000)
  region size 1024K, 4 young (4096K), 2 survivors (2048K)
 Metaspace       used 146330K, committed 148096K, reserved 1179648K
  class space    used 19200K, committed 20096K, reserved 1048576K
}

