# JRE version: OpenJDK Runtime Environment (17.0.6) (build 17.0.6+0-b2043.56-10027231)
# Java VM: OpenJDK 64-Bit Server VM (17.0.6+0-b2043.56-10027231, mixed mode, tiered, compressed oops, compressed class ptrs, g1 gc, windows-amd64)
GC Precious Log:
 CPUs: 8 total, 8 available
 Memory: 16194M
 Large Page Support: Disabled
 NUMA Support: Disabled
 Compressed Oops: Enabled (32-bit)
 Heap Region Size: 1M
 Heap Min Capacity: 8M
 Heap Initial Capacity: 254M
 Heap Max Capacity: 2G
 Pre-touch: Disabled
 Parallel Workers: 8
 Concurrent Workers: 2
 Concurrent Refinement Workers: 8
 Periodic GC: Disabled
Heap:
 garbage-first heap   total 322560K, used 115552K [0x0000000080000000, 0x0000000100000000)
  region size 1024K, 10 young (10240K), 10 survivors (10240K)
 Metaspace       used 121609K, committed 122816K, reserved 1163264K
  class space    used 16392K, committed 16960K, reserved 1048576K
GC Heap History (20 events):
Event: 1307.884 GC heap after
{Heap after GC invocations=55 (full 0):
 garbage-first heap   total 322560K, used 120465K [0x0000000080000000, 0x0000000100000000)
  region size 1024K, 2 young (2048K), 2 survivors (2048K)
 Metaspace       used 104545K, committed 105472K, reserved 1146880K
  class space    used 13904K, committed 14336K, reserved 1048576K
}
Event: 1308.384 GC heap before
{Heap before GC invocations=55 (full 0):
 garbage-first heap   total 322560K, used 154257K [0x0000000080000000, 0x0000000100000000)
  region size 1024K, 37 young (37888K), 2 survivors (2048K)
 Metaspace       used 104676K, committed 105600K, reserved 1146880K
  class space    used 13905K, committed 14336K, reserved 1048576K
}
Event: 1308.390 GC heap after
{Heap after GC invocations=56 (full 0):
 garbage-first heap   total 322560K, used 124298K [0x0000000080000000, 0x0000000100000000)
  region size 1024K, 6 young (6144K), 6 survivors (6144K)
 Metaspace       used 104676K, committed 105600K, reserved 1146880K
  class space    used 13905K, committed 14336K, reserved 1048576K
}
Event: 1341.149 GC heap before
{Heap before GC invocations=57 (full 0):
 garbage-first heap   total 322560K, used 240010K [0x0000000080000000, 0x0000000100000000)
  region size 1024K, 115 young (117760K), 6 survivors (6144K)
 Metaspace       used 105299K, committed 106240K, reserved 1146880K
  class space    used 13989K, committed 14464K, reserved 1048576K
}
Event: 1341.159 GC heap after
{Heap after GC invocations=58 (full 0):
 garbage-first heap   total 322560K, used 113537K [0x0000000080000000, 0x0000000100000000)
  region size 1024K, 10 young (10240K), 10 survivors (10240K)
 Metaspace       used 105299K, committed 106240K, reserved 1146880K
  class space    used 13989K, committed 14464K, reserved 1048576K
}
Event: 1341.210 GC heap before
{Heap before GC invocations=58 (full 0):
 garbage-first heap   total 322560K, used 118657K [0x0000000080000000, 0x0000000100000000)
  region size 1024K, 15 young (15360K), 10 survivors (10240K)
 Metaspace       used 105300K, committed 106240K, reserved 1146880K
  class space    used 13989K, committed 14464K, reserved 1048576K
}
Event: 1341.219 GC heap after
{Heap after GC invocations=59 (full 0):
 garbage-first heap   total 322560K, used 103336K [0x0000000080000000, 0x0000000100000000)
  region size 1024K, 2 young (2048K), 2 survivors (2048K)
 Metaspace       used 105300K, committed 106240K, reserved 1146880K
  class space    used 13989K, committed 14464K, reserved 1048576K
}
Event: 1509.604 GC heap before
{Heap before GC invocations=59 (full 0):
 garbage-first heap   total 322560K, used 237480K [0x0000000080000000, 0x0000000100000000)
  region size 1024K, 134 young (137216K), 2 survivors (2048K)
 Metaspace       used 105762K, committed 106816K, reserved 1146880K
  class space    used 14014K, committed 14528K, reserved 1048576K
}
Event: 1509.614 GC heap after
{Heap after GC invocations=60 (full 0):
 garbage-first heap   total 322560K, used 108379K [0x0000000080000000, 0x0000000100000000)
  region size 1024K, 7 young (7168K), 7 survivors (7168K)
 Metaspace       used 105762K, committed 106816K, reserved 1146880K
  class space    used 14014K, committed 14528K, reserved 1048576K
}
Event: 1559.589 GC heap before
{Heap before GC invocations=61 (full 0):
 garbage-first heap   total 322560K, used 257883K [0x0000000080000000, 0x0000000100000000)
  region size 1024K, 135 young (138240K), 7 survivors (7168K)
 Metaspace       used 106418K, committed 107584K, reserved 1146880K
  class space    used 14144K, committed 14720K, reserved 1048576K
}
Event: 1559.599 GC heap after
{Heap after GC invocations=62 (full 0):
 garbage-first heap   total 322560K, used 109884K [0x0000000080000000, 0x0000000100000000)
  region size 1024K, 8 young (8192K), 8 survivors (8192K)
 Metaspace       used 106418K, committed 107584K, reserved 1146880K
  class space    used 14144K, committed 14720K, reserved 1048576K
}
Event: 1559.659 GC heap before
{Heap before GC invocations=62 (full 0):
 garbage-first heap   total 322560K, used 116028K [0x0000000080000000, 0x0000000100000000)
  region size 1024K, 15 young (15360K), 8 survivors (8192K)
 Metaspace       used 106440K, committed 107648K, reserved 1146880K
  class space    used 14144K, committed 14720K, reserved 1048576K
}
Event: 1559.669 GC heap after
{Heap after GC invocations=63 (full 0):
 garbage-first heap   total 322560K, used 103659K [0x0000000080000000, 0x0000000100000000)
  region size 1024K, 2 young (2048K), 2 survivors (2048K)
 Metaspace       used 106440K, committed 107648K, reserved 1146880K
  class space    used 14144K, committed 14720K, reserved 1048576K
}
Event: 1560.084 GC heap before
{Heap before GC invocations=63 (full 0):
 garbage-first heap   total 322560K, used 122091K [0x0000000080000000, 0x0000000100000000)
  region size 1024K, 22 young (22528K), 2 survivors (2048K)
 Metaspace       used 106492K, committed 107648K, reserved 1146880K
  class space    used 14144K, committed 14720K, reserved 1048576K
}
Event: 1560.090 GC heap after
{Heap after GC invocations=64 (full 0):
 garbage-first heap   total 322560K, used 106318K [0x0000000080000000, 0x0000000100000000)
  region size 1024K, 5 young (5120K), 5 survivors (5120K)
 Metaspace       used 106492K, committed 107648K, reserved 1146880K
  class space    used 14144K, committed 14720K, reserved 1048576K
}
Event: 1563.285 GC heap before
{Heap before GC invocations=65 (full 0):
 garbage-first heap   total 322560K, used 256846K [0x0000000080000000, 0x0000000100000000)
  region size 1024K, 132 young (135168K), 5 survivors (5120K)
 Metaspace       used 110164K, committed 111360K, reserved 1146880K
  class space    used 14652K, committed 15232K, reserved 1048576K
}
Event: 1563.297 GC heap after
{Heap after GC invocations=66 (full 0):
 garbage-first heap   total 322560K, used 112450K [0x0000000080000000, 0x0000000100000000)
  region size 1024K, 11 young (11264K), 11 survivors (11264K)
 Metaspace       used 110164K, committed 111360K, reserved 1146880K
  class space    used 14652K, committed 15232K, reserved 1048576K
}
Event: 1563.468 GC heap before
{Heap before GC invocations=66 (full 0):
 garbage-first heap   total 322560K, used 115522K [0x0000000080000000, 0x0000000100000000)
  region size 1024K, 15 young (15360K), 11 survivors (11264K)
 Metaspace       used 111127K, committed 112320K, reserved 1146880K
  class space    used 14788K, committed 15360K, reserved 1048576K
}
Event: 1563.480 GC heap after
{Heap after GC invocations=67 (full 0):
 garbage-first heap   total 322560K, used 106995K [0x0000000080000000, 0x0000000100000000)
  region size 1024K, 2 young (2048K), 2 survivors (2048K)
 Metaspace       used 111127K, committed 112320K, reserved 1146880K
  class space    used 14788K, committed 15360K, reserved 1048576K
}
Event: 1565.947 GC heap before
{Heap before GC invocations=67 (full 0):
 garbage-first heap   total 322560K, used 204275K [0x0000000080000000, 0x0000000100000000)
  region size 1024K, 99 young (101376K), 2 survivors (2048K)
 Metaspace       used 121609K, committed 122816K, reserved 1163264K
  class space    used 16392K, committed 16960K, reserved 1048576K
}

