# JRE version: OpenJDK Runtime Environment (17.0.6) (build 17.0.6+0-b2043.56-10027231)
# Java VM: OpenJDK 64-Bit Server VM (17.0.6+0-b2043.56-10027231, mixed mode, tiered, compressed oops, compressed class ptrs, g1 gc, windows-amd64)
GC Precious Log:
 CPUs: 8 total, 8 available
 Memory: 16194M
 Large Page Support: Disabled
 NUMA Support: Disabled
 Compressed Oops: Enabled (32-bit)
 Heap Region Size: 1M
 Heap Min Capacity: 8M
 Heap Initial Capacity: 254M
 Heap Max Capacity: 2G
 Pre-touch: Disabled
 Parallel Workers: 8
 Concurrent Workers: 2
 Concurrent Refinement Workers: 8
 Periodic GC: Disabled
Heap:
 garbage-first heap   total 467968K, used 153251K [0x0000000080000000, 0x0000000100000000)
  region size 1024K, 12 young (12288K), 12 survivors (12288K)
 Metaspace       used 138352K, committed 139648K, reserved 1171456K
  class space    used 18304K, committed 18944K, reserved 1048576K
GC Heap History (20 events):
Event: 1204.461 GC heap after
{Heap after GC invocations=89 (full 0):
 garbage-first heap   total 467968K, used 120994K [0x0000000080000000, 0x0000000100000000)
  region size 1024K, 3 young (3072K), 3 survivors (3072K)
 Metaspace       used 133096K, committed 134336K, reserved 1171456K
  class space    used 17986K, committed 18560K, reserved 1048576K
}
Event: 1205.681 GC heap before
{Heap before GC invocations=89 (full 0):
 garbage-first heap   total 467968K, used 178338K [0x0000000080000000, 0x0000000100000000)
  region size 1024K, 61 young (62464K), 3 survivors (3072K)
 Metaspace       used 133115K, committed 134336K, reserved 1171456K
  class space    used 17986K, committed 18560K, reserved 1048576K
}
Event: 1205.684 GC heap after
{Heap after GC invocations=90 (full 0):
 garbage-first heap   total 467968K, used 123094K [0x0000000080000000, 0x0000000100000000)
  region size 1024K, 5 young (5120K), 5 survivors (5120K)
 Metaspace       used 133115K, committed 134336K, reserved 1171456K
  class space    used 17986K, committed 18560K, reserved 1048576K
}
Event: 1466.098 GC heap before
{Heap before GC invocations=91 (full 0):
 garbage-first heap   total 467968K, used 391994K [0x0000000080000000, 0x0000000100000000)
  region size 1024K, 235 young (240640K), 5 survivors (5120K)
 Metaspace       used 133766K, committed 135104K, reserved 1171456K
  class space    used 17989K, committed 18624K, reserved 1048576K
}
Event: 1466.120 GC heap after
{Heap after GC invocations=92 (full 0):
 garbage-first heap   total 467968K, used 134035K [0x0000000080000000, 0x0000000100000000)
  region size 1024K, 16 young (16384K), 16 survivors (16384K)
 Metaspace       used 133766K, committed 135104K, reserved 1171456K
  class space    used 17989K, committed 18624K, reserved 1048576K
}
Event: 1466.145 GC heap before
{Heap before GC invocations=92 (full 0):
 garbage-first heap   total 467968K, used 139155K [0x0000000080000000, 0x0000000100000000)
  region size 1024K, 22 young (22528K), 16 survivors (16384K)
 Metaspace       used 133776K, committed 135104K, reserved 1171456K
  class space    used 17989K, committed 18624K, reserved 1048576K
}
Event: 1466.163 GC heap after
{Heap after GC invocations=93 (full 0):
 garbage-first heap   total 467968K, used 126729K [0x0000000080000000, 0x0000000100000000)
  region size 1024K, 2 young (2048K), 2 survivors (2048K)
 Metaspace       used 133776K, committed 135104K, reserved 1171456K
  class space    used 17989K, committed 18624K, reserved 1048576K
}
Event: 1466.863 GC heap before
{Heap before GC invocations=93 (full 0):
 garbage-first heap   total 467968K, used 175881K [0x0000000080000000, 0x0000000100000000)
  region size 1024K, 51 young (52224K), 2 survivors (2048K)
 Metaspace       used 134047K, committed 135360K, reserved 1171456K
  class space    used 17989K, committed 18624K, reserved 1048576K
}
Event: 1466.871 GC heap after
{Heap after GC invocations=94 (full 0):
 garbage-first heap   total 467968K, used 131050K [0x0000000080000000, 0x0000000100000000)
  region size 1024K, 7 young (7168K), 7 survivors (7168K)
 Metaspace       used 134047K, committed 135360K, reserved 1171456K
  class space    used 17989K, committed 18624K, reserved 1048576K
}
Event: 2236.480 GC heap before
{Heap before GC invocations=95 (full 0):
 garbage-first heap   total 467968K, used 394218K [0x0000000080000000, 0x0000000100000000)
  region size 1024K, 220 young (225280K), 7 survivors (7168K)
 Metaspace       used 134412K, committed 135808K, reserved 1171456K
  class space    used 17989K, committed 18624K, reserved 1048576K
}
Event: 2236.482 GC heap after
{Heap after GC invocations=96 (full 0):
 garbage-first heap   total 467968K, used 126124K [0x0000000080000000, 0x0000000100000000)
  region size 1024K, 2 young (2048K), 2 survivors (2048K)
 Metaspace       used 134412K, committed 135808K, reserved 1171456K
  class space    used 17989K, committed 18624K, reserved 1048576K
}
Event: 2236.575 GC heap before
{Heap before GC invocations=96 (full 0):
 garbage-first heap   total 467968K, used 145580K [0x0000000080000000, 0x0000000100000000)
  region size 1024K, 22 young (22528K), 2 survivors (2048K)
 Metaspace       used 134420K, committed 135808K, reserved 1171456K
  class space    used 17989K, committed 18624K, reserved 1048576K
}
Event: 2236.579 GC heap after
{Heap after GC invocations=97 (full 0):
 garbage-first heap   total 467968K, used 120052K [0x0000000080000000, 0x0000000100000000)
  region size 1024K, 3 young (3072K), 3 survivors (3072K)
 Metaspace       used 134420K, committed 135808K, reserved 1171456K
  class space    used 17989K, committed 18624K, reserved 1048576K
}
Event: 2236.704 GC heap before
{Heap before GC invocations=97 (full 0):
 garbage-first heap   total 467968K, used 146676K [0x0000000080000000, 0x0000000100000000)
  region size 1024K, 30 young (30720K), 3 survivors (3072K)
 Metaspace       used 134454K, committed 135808K, reserved 1171456K
  class space    used 17989K, committed 18624K, reserved 1048576K
}
Event: 2236.708 GC heap after
{Heap after GC invocations=98 (full 0):
 garbage-first heap   total 467968K, used 123889K [0x0000000080000000, 0x0000000100000000)
  region size 1024K, 7 young (7168K), 7 survivors (7168K)
 Metaspace       used 134454K, committed 135808K, reserved 1171456K
  class space    used 17989K, committed 18624K, reserved 1048576K
}
Event: 2293.860 GC heap before
{Heap before GC invocations=99 (full 0):
 garbage-first heap   total 467968K, used 413681K [0x0000000080000000, 0x0000000100000000)
  region size 1024K, 238 young (243712K), 7 survivors (7168K)
 Metaspace       used 135462K, committed 136768K, reserved 1171456K
  class space    used 18063K, committed 18688K, reserved 1048576K
}
Event: 2293.879 GC heap after
{Heap after GC invocations=100 (full 0):
 garbage-first heap   total 467968K, used 154603K [0x0000000080000000, 0x0000000100000000)
  region size 1024K, 30 young (30720K), 30 survivors (30720K)
 Metaspace       used 135462K, committed 136768K, reserved 1171456K
  class space    used 18063K, committed 18688K, reserved 1048576K
}
Event: 2293.881 GC heap before
{Heap before GC invocations=100 (full 0):
 garbage-first heap   total 467968K, used 155627K [0x0000000080000000, 0x0000000100000000)
  region size 1024K, 31 young (31744K), 30 survivors (30720K)
 Metaspace       used 135462K, committed 136768K, reserved 1171456K
  class space    used 18063K, committed 18688K, reserved 1048576K
}
Event: 2293.904 GC heap after
{Heap after GC invocations=101 (full 0):
 garbage-first heap   total 467968K, used 143584K [0x0000000080000000, 0x0000000100000000)
  region size 1024K, 2 young (2048K), 2 survivors (2048K)
 Metaspace       used 135462K, committed 136768K, reserved 1171456K
  class space    used 18063K, committed 18688K, reserved 1048576K
}
Event: 2297.989 GC heap before
{Heap before GC invocations=101 (full 0):
 garbage-first heap   total 467968K, used 328928K [0x0000000080000000, 0x0000000100000000)
  region size 1024K, 185 young (189440K), 2 survivors (2048K)
 Metaspace       used 138352K, committed 139648K, reserved 1171456K
  class space    used 18304K, committed 18944K, reserved 1048576K
}

